   0.000000       0.000000    
  9.9009901E-02   0.000000    
  0.1980198       0.000000    
  0.2970297       1.000000    
  0.3960396       1.000000    
  0.4950495       1.000000    
  0.5940594       1.000000    
  0.6930693       1.000000    
  0.7920792      0.8775826    
  0.8910891      0.8775826    
  0.9900990      0.8775826    
   1.089109      0.8775826    
   1.188119      0.8775826    
   1.287129      0.5403023    
   1.386139      0.5403023    
   1.485149      0.5403023    
   1.584158      0.5403023    
   1.683168      0.5403023    
   1.782178      7.0737198E-02
   1.881188      7.0737198E-02
   1.980198      7.0737198E-02
   2.079208      7.0737198E-02
   2.178218      7.0737198E-02
   2.277228     -0.4161468    
   2.376238     -0.4161468    
   2.475248     -0.4161468    
   2.574257     -0.4161468    
   2.673267     -0.4161468    
   2.772277     -0.8011436    
   2.871287     -0.8011436    
   2.970297     -0.8011436    
   3.069307     -0.8011436    
   3.168317     -0.8011436    
   3.267327     -0.9899925    
   3.366337     -0.9899925    
   3.465347     -0.9899925    
   3.564356     -0.9899925    
   3.663366     -0.9899925    
   3.762376     -0.9364567    
   3.861386     -0.9364567    
   3.960396     -0.9364567    
   4.059406     -0.9364567    
   4.158416     -0.9364567    
   4.257426     -0.6536436    
   4.356436     -0.6536436    
   4.455446     -0.6536436    
   4.554455     -0.6536436    
   4.653465     -0.6536436    
   4.752475     -0.2107958    
   4.851485     -0.2107958    
   4.950495     -0.2107958    
   5.049505     -0.2107958    
   5.148515     -0.2107958    
   5.247525     -0.2107958    
   5.346535      0.2836622    
   5.445545      0.2836622    
   5.544555      0.2836622    
   5.643564      0.2836622    
   5.742574      0.2836622    
   5.841584      0.7086698    
   5.940594      0.7086698    
   6.039604      0.7086698    
   6.138614      0.7086698    
   6.237624      0.7086698    
   6.336634      0.9601703    
   6.435644      0.9601703    
   6.534654      0.9601703    
   6.633663      0.9601703    
   6.732673      0.9601703    
   6.831683      0.9765877    
   6.930693      0.9765877    
   7.029703      0.9765877    
   7.128713      0.9765877    
   7.227723      0.9765877    
   7.326733      0.7539023    
   7.425743      0.7539023    
   7.524753      0.7539023    
   7.623763      0.7539023    
   7.722772      0.7539023    
   7.821782      0.3466353    
   7.920792      0.3466353    
   8.019802      0.3466353    
   8.118812      0.3466353    
   8.217822      0.3466353    
   8.316832     -0.1455000    
   8.415842     -0.1455000    
   8.514852     -0.1455000    
   8.613861     -0.1455000    
   8.712872     -0.1455000    
   8.811881     -0.6020119    
   8.910892     -0.6020119    
   9.009901     -0.6020119    
   9.108911     -0.6020119    
   9.207921     -0.6020119    
   9.306931     -0.9111302    
   9.405941     -0.9111302    
   9.504951     -0.9111302    
   9.603960     -0.9111302    
   9.702971     -0.9111302    
   9.801980     -0.9971722    
   9.900990     -0.9971722    
