   0.000000       1.000000    
  0.5000000      0.8775826    
   1.000000      0.5403023    
   1.500000      7.0737198E-02
   2.000000     -0.4161468    
   2.500000     -0.8011436    
   3.000000     -0.9899925    
   3.500000     -0.9364567    
   4.000000     -0.6536436    
   4.500000     -0.2107958    
   5.000000      0.2836622    
   5.500000      0.7086698    
   6.000000      0.9601703    
   6.500000      0.9765877    
   7.000000      0.7539023    
   7.500000      0.3466353    
   8.000000     -0.1455000    
   8.500000     -0.6020119    
   9.000000     -0.9111302    
   9.500000     -0.9971722    
