  0.1000000      0.1755165    
  0.2000000      0.3510330    
  0.3000000      0.5265496    
  0.4000000      0.7020661    
  0.5000000      0.8775826    
  0.6000000      0.8101265    
  0.7000000      0.7426704    
  0.8000000      0.6752144    
  0.9000000      0.6077583    
   1.000000      0.5403023    
   1.100000      0.4463892    
   1.200000      0.3524762    
   1.300000      0.2585632    
   1.400000      0.1646502    
   1.500000      7.0737198E-02
   1.600000     -2.6639640E-02
   1.700000     -0.1240165    
   1.800000     -0.2213933    
   1.900000     -0.3187701    
   2.000000     -0.4161468    
   2.100000     -0.4931463    
   2.200000     -0.5701456    
   2.300000     -0.6471449    
   2.400000     -0.7241443    
   2.500000     -0.8011436    
   2.600000     -0.8389134    
   2.700000     -0.8766832    
   2.800000     -0.9144529    
   2.900000     -0.9522228    
   3.000000     -0.9899925    
   3.100000     -0.9792853    
   3.200000     -0.9685782    
   3.300000     -0.9578710    
   3.400000     -0.9471638    
   3.500000     -0.9364567    
   3.600000     -0.8798940    
   3.700000     -0.8233314    
   3.800000     -0.7667689    
   3.900000     -0.7102062    
   4.000000     -0.6536436    
   4.100000     -0.5650741    
   4.200000     -0.4765042    
   4.300000     -0.3879348    
   4.400000     -0.2993653    
   4.500000     -0.2107958    
   4.600000     -0.1119043    
   4.700000     -1.3012320E-02
   4.800000      8.5879192E-02
   4.900000      0.1847707    
   5.000000      0.2836622    
   5.100000      0.3686636    
   5.200000      0.4536655    
   5.300000      0.5386669    
   5.400000      0.6236683    
   5.500000      0.7086698    
   5.600000      0.7589698    
   5.700000      0.8092701    
   5.800000      0.8595701    
   5.900000      0.9098702    
   6.000000      0.9601703    
   6.100000      0.9634538    
   6.200000      0.9667372    
   6.300000      0.9700207    
   6.400000      0.9733042    
   6.500000      0.9765877    
   6.600000      0.9320506    
   6.700000      0.8875134    
   6.800000      0.8429763    
   6.900000      0.7984393    
   7.000000      0.7539023    
   7.100000      0.6724489    
   7.200000      0.5909953    
   7.300000      0.5095419    
   7.400000      0.4280886    
   7.500000      0.3466353    
   7.600000      0.2482083    
   7.700000      0.1497809    
   7.800000      5.1353931E-02
   7.900000     -4.7073066E-02
   8.000000     -0.1455000    
   8.100000     -0.2368028    
   8.200000     -0.3281046    
   8.300000     -0.4194073    
   8.400001     -0.5107101    
   8.500000     -0.6020119    
   8.600000     -0.6638358    
   8.700000     -0.7256591    
   8.800000     -0.7874830    
   8.900001     -0.8493069    
   9.000000     -0.9111302    
   9.100000     -0.9283387    
   9.200000     -0.9455470    
   9.300000     -0.9627554    
   9.400001     -0.9799639    
   9.500000     -0.9971722    
   9.600000     -0.9655519    
   9.700000     -0.9339319    
   9.800000     -0.9023117    
   9.900001     -0.8706915    
   10.00000     -0.8390715    
